===============================
 Iniciando: Sat 11 Apr 2026 01:28:55 PM CDT
===============================
Traceback (most recent call last):
  File "/home/chris/Desktop/estacion-meteorologica/main_mqtt.py", line 35, in <module>
    main()
  File "/home/chris/Desktop/estacion-meteorologica/main_mqtt.py", line 18, in main
    client.connect(MQTT_BROKER, MQTT_PORT, 60)
  File "/home/chris/.local/lib/python3.9/site-packages/paho/mqtt/client.py", line 914, in connect
    return self.reconnect()
  File "/home/chris/.local/lib/python3.9/site-packages/paho/mqtt/client.py", line 1044, in reconnect
    sock = self._create_socket_connection()
  File "/home/chris/.local/lib/python3.9/site-packages/paho/mqtt/client.py", line 3685, in _create_socket_connection
    return socket.create_connection(addr, timeout=self._connect_timeout, source_address=source)
  File "/usr/lib/python3.9/socket.py", line 843, in create_connection
    raise err
  File "/usr/lib/python3.9/socket.py", line 831, in create_connection
    sock.connect(sa)
socket.timeout: timed out
===============================
 Iniciando: Sat 11 Apr 2026 01:29:20 PM CDT
===============================
Traceback (most recent call last):
  File "/home/chris/Desktop/estacion-meteorologica/main_mqtt.py", line 35, in <module>
    main()
  File "/home/chris/Desktop/estacion-meteorologica/main_mqtt.py", line 18, in main
    client.connect(MQTT_BROKER, MQTT_PORT, 60)
  File "/home/chris/.local/lib/python3.9/site-packages/paho/mqtt/client.py", line 914, in connect
    return self.reconnect()
  File "/home/chris/.local/lib/python3.9/site-packages/paho/mqtt/client.py", line 1044, in reconnect
    sock = self._create_socket_connection()
  File "/home/chris/.local/lib/python3.9/site-packages/paho/mqtt/client.py", line 3685, in _create_socket_connection
    return socket.create_connection(addr, timeout=self._connect_timeout, source_address=source)
  File "/usr/lib/python3.9/socket.py", line 843, in create_connection
    raise err
  File "/usr/lib/python3.9/socket.py", line 831, in create_connection
    sock.connect(sa)
socket.timeout: timed out
===============================
 Iniciando: Sat 11 Apr 2026 01:29:50 PM CDT
===============================
Traceback (most recent call last):
  File "/home/chris/Desktop/estacion-meteorologica/main_mqtt.py", line 35, in <module>
    main()
  File "/home/chris/Desktop/estacion-meteorologica/main_mqtt.py", line 18, in main
    client.connect(MQTT_BROKER, MQTT_PORT, 60)
  File "/home/chris/.local/lib/python3.9/site-packages/paho/mqtt/client.py", line 914, in connect
    return self.reconnect()
  File "/home/chris/.local/lib/python3.9/site-packages/paho/mqtt/client.py", line 1044, in reconnect
    sock = self._create_socket_connection()
  File "/home/chris/.local/lib/python3.9/site-packages/paho/mqtt/client.py", line 3685, in _create_socket_connection
    return socket.create_connection(addr, timeout=self._connect_timeout, source_address=source)
  File "/usr/lib/python3.9/socket.py", line 843, in create_connection
    raise err
  File "/usr/lib/python3.9/socket.py", line 831, in create_connection
    sock.connect(sa)
socket.timeout: timed out
===============================
 Iniciando: Sat 11 Apr 2026 01:30:30 PM CDT
===============================
Publicado: {"status": "weather_shield_online"}
Publicado: {"winddir_deg": 225, "winddir_adc": 812, "wind_clicks": 0, "wind_kph": 0.0, "sample_ms": 1000, "rain_tips": 0, "rain_mm_h": 0.0, "rain_total_mm": 0.0, "humidity_rh": 50.71, "temp_c": 29.37, "pressure_pa": 84173.5, "battery_v": 4.4, "light_v": 1.3, "millis": 1043}
Publicado: {"winddir_deg": 225, "winddir_adc": 812, "wind_clicks": 0, "wind_kph": 0.0, "sample_ms": 1004, "rain_tips": 0, "rain_mm_h": 0.0, "rain_total_mm": 0.0, "humidity_rh": 50.75, "temp_c": 29.31, "pressure_pa": 84177.5, "battery_v": 4.38, "light_v": 1.29, "millis": 2048}
Publicado: {"winddir_deg": 225, "winddir_adc": 812, "wind_clicks": 0, "wind_kph": 0.0, "sample_ms": 1004, "rain_tips": 0, "rain_mm_h": 0.0, "rain_total_mm": 0.0, "humidity_rh": 50.75, "temp_c": 29.37, "pressure_pa": 84175.75, "battery_v": 4.36, "light_v": 1.31, "millis": 3051}
Publicado: {"winddir_deg": 225, "winddir_adc": 812, "wind_clicks": 0, "wind_kph": 0.0, "sample_ms": 1005, "rain_tips": 0, "rain_mm_h": 0.0, "rain_total_mm": 0.0, "humidity_rh": 50.76, "temp_c": 29.37, "pressure_pa": 84174.25, "battery_v": 4.38, "light_v": 1.35, "millis": 4056}
Publicado: {"winddir_deg": 225, "winddir_adc": 813, "wind_clicks": 0, "wind_kph": 0.0, "sample_ms": 1003, "rain_tips": 0, "rain_mm_h": 0.0, "rain_total_mm": 0.0, "humidity_rh": 50.76, "temp_c": 29.37, "pressure_pa": 84175.75, "battery_v": 4.42, "light_v": 1.4, "millis": 5059}
Publicado: {"winddir_deg": 225, "winddir_adc": 812, "wind_clicks": 0, "wind_kph": 0.0, "sample_ms": 1005, "rain_tips": 0, "rain_mm_h": 0.0, "rain_total_mm": 0.0, "humidity_rh": 50.76, "temp_c": 29.37, "pressure_pa": 84176.75, "battery_v": 4.38, "light_v": 1.42, "millis": 6064}
Publicado: {"winddir_deg": 225, "winddir_adc": 813, "wind_clicks": 0, "wind_kph": 0.0, "sample_ms": 1003, "rain_tips": 0, "rain_mm_h": 0.0, "rain_total_mm": 0.0, "humidity_rh": 50.74, "temp_c": 29.37, "pressure_pa": 84173.25, "battery_v": 4.38, "light_v": 1.42, "millis": 7067}
Publicado: {"winddir_deg": 225, "winddir_adc": 812, "wind_clicks": 0, "wind_kph": 0.0, "sample_ms": 1005, "rain_tips": 0, "rain_mm_h": 0.0, "rain_total_mm": 0.0, "humidity_rh": 50.75, "temp_c": 29.37, "pressure_pa": 84172.5, "battery_v": 4.4, "light_v": 1.4, "millis": 8072}
Publicado: {"winddir_deg": 225, "winddir_adc": 812, "wind_clicks": 0, "wind_kph": 0.0, "sample_ms": 1003, "rain_tips": 0, "rain_mm_h": 0.0, "rain_total_mm": 0.0, "humidity_rh": 50.73, "temp_c": 29.31, "pressure_pa": 84172.25, "battery_v": 4.39, "light_v": 1.37, "millis": 9075}
Publicado: {"winddir_deg": 225, "winddir_adc": 813, "wind_clicks": 0, "wind_kph": 0.0, "sample_ms": 1005, "rain_tips": 0, "rain_mm_h": 0.0, "rain_total_mm": 0.0, "humidity_rh": 50.76, "temp_c": 29.37, "pressure_pa": 84175.75, "battery_v": 4.39, "light_v": 1.22, "millis": 10080}
Publicado: {"winddir_deg": 270, "winddir_adc": 986, "wind_clicks": 0, "wind_kph": 0.0, "sample_ms": 1003, "rain_tips": 0, "rain_mm_h": 0.0, "rain_total_mm": 0.0, "humidity_rh": 50.82, "temp_c": 29.37, "pressure_pa": 84173.5, "battery_v": 4.4, "light_v": 1.13, "millis": 11083}
Publicado: {"winddir_deg": 315, "winddir_adc": 957, "wind_clicks": 0, "wind_kph": 0.0, "sample_ms": 1005, "rain_tips": 0, "rain_mm_h": 0.0, "rain_total_mm": 0.0, "humidity_rh": 50.81, "temp_c": 29.37, "pressure_pa": 84175.75, "battery_v": 4.38, "light_v": 1.46, "millis": 12088}
Publicado: {"winddir_deg": 315, "winddir_adc": 956, "wind_clicks": 0, "wind_kph": 0.0, "sample_ms": 1003, "rain_tips": 0, "rain_mm_h": 0.0, "rain_total_mm": 0.0, "humidity_rh": 50.8, "temp_c": 29.37, "pressure_pa": 84173.25, "battery_v": 4.4, "light_v": 1.45, "millis": 13091}
Publicado: {"winddir_deg": 315, "winddir_adc": 957, "wind_clicks": 0, "wind_kph": 0.0, "sample_ms": 1005, "rain_tips": 0, "rain_mm_h": 0.0, "rain_total_mm": 0.0, "humidity_rh": 50.79, "temp_c": 29.37, "pressure_pa": 84171.5, "battery_v": 4.36, "light_v": 1.44, "millis": 14096}
Publicado: {"winddir_deg": 315, "winddir_adc": 957, "wind_clicks": 0, "wind_kph": 0.0, "sample_ms": 1003, "rain_tips": 0, "rain_mm_h": 0.0, "rain_total_mm": 0.0, "humidity_rh": 50.79, "temp_c": 29.37, "pressure_pa": 84173.75, "battery_v": 4.4, "light_v": 1.43, "millis": 15099}
Publicado: {"winddir_deg": 315, "winddir_adc": 957, "wind_clicks": 0, "wind_kph": 0.0, "sample_ms": 1005, "rain_tips": 0, "rain_mm_h": 0.0, "rain_total_mm": 0.0, "humidity_rh": 50.77, "temp_c": 29.37, "pressure_pa": 84175.0, "battery_v": 4.4, "light_v": 1.46, "millis": 16104}
Publicado: {"winddir_deg": 315, "winddir_adc": 957, "wind_clicks": 0, "wind_kph": 0.0, "sample_ms": 1004, "rain_tips": 0, "rain_mm_h": 0.0, "rain_total_mm": 0.0, "humidity_rh": 50.76, "temp_c": 29.37, "pressure_pa": 84175.75, "battery_v": 4.41, "light_v": 1.54, "millis": 17107}
Publicado: {"winddir_deg": 315, "winddir_adc": 957, "wind_clicks": 0, "wind_kph": 0.0, "sample_ms": 1004, "rain_tips": 0, "rain_mm_h": 0.0, "rain_total_mm": 0.0, "humidity_rh": 50.76, "temp_c": 29.37, "pressure_pa": 84172.25, "battery_v": 4.39, "light_v": 1.66, "millis": 18112}
Publicado: {"winddir_deg": 315, "winddir_adc": 957, "wind_clicks": 0, "wind_kph": 0.0, "sample_ms": 1005, "rain_tips": 0, "rain_mm_h": 0.0, "rain_total_mm": 0.0, "humidity_rh": 50.76, "temp_c": 29.37, "pressure_pa": 84173.0, "battery_v": 4.39, "light_v": 1.8, "millis": 19116}
Publicado: {"winddir_deg": 315, "winddir_adc": 957, "wind_clicks": 0, "wind_kph": 0.0, "sample_ms": 1003, "rain_tips": 0, "rain_mm_h": 0.0, "rain_total_mm": 0.0, "humidity_rh": 50.76, "temp_c": 29.37, "pressure_pa": 84174.0, "battery_v": 4.39, "light_v": 1.94, "millis": 20120}
Publicado: {"winddir_deg": 315, "winddir_adc": 955, "wind_clicks": 0, "wind_kph": 0.0, "sample_ms": 1005, "rain_tips": 0, "rain_mm_h": 0.0, "rain_total_mm": 0.0, "humidity_rh": 50.75, "temp_c": 29.37, "pressure_pa": 84170.75, "battery_v": 4.36, "light_v": 2.05, "millis": 21125}
Publicado: {"winddir_deg": 315, "winddir_adc": 957, "wind_clicks": 0, "wind_kph": 0.0, "sample_ms": 1003, "rain_tips": 0, "rain_mm_h": 0.0, "rain_total_mm": 0.0, "humidity_rh": 50.76, "temp_c": 29.37, "pressure_pa": 84171.5, "battery_v": 4.38, "light_v": 2.12, "millis": 22128}
Publicado: {"winddir_deg": 315, "winddir_adc": 956, "wind_clicks": 0, "wind_kph": 0.0, "sample_ms": 1005, "rain_tips": 0, "rain_mm_h": 0.0, "rain_total_mm": 0.0, "humidity_rh": 50.77, "temp_c": 29.37, "pressure_pa": 84170.25, "battery_v": 4.39, "light_v": 2.17, "millis": 23133}
Publicado: {"winddir_deg": 315, "winddir_adc": 957, "wind_clicks": 0, "wind_kph": 0.0, "sample_ms": 1003, "rain_tips": 0, "rain_mm_h": 0.0, "rain_total_mm": 0.0, "humidity_rh": 50.77, "temp_c": 29.31, "pressure_pa": 84168.0, "battery_v": 4.41, "light_v": 2.19, "millis": 24136}
Publicado: {"winddir_deg": 315, "winddir_adc": 956, "wind_clicks": 0, "wind_kph": 0.0, "sample_ms": 1005, "rain_tips": 0, "rain_mm_h": 0.0, "rain_total_mm": 0.0, "humidity_rh": 50.77, "temp_c": 29.37, "pressure_pa": 84168.0, "battery_v": 4.37, "light_v": 2.22, "millis": 25141}
Publicado: {"winddir_deg": 315, "winddir_adc": 956, "wind_clicks": 0, "wind_kph": 0.0, "sample_ms": 1003, "rain_tips": 0, "rain_mm_h": 0.0, "rain_total_mm": 0.0, "humidity_rh": 50.74, "temp_c": 29.37, "pressure_pa": 84170.25, "battery_v": 4.38, "light_v": 2.26, "millis": 26144}
Publicado: {"winddir_deg": 315, "winddir_adc": 957, "wind_clicks": 0, "wind_kph": 0.0, "sample_ms": 1005, "rain_tips": 0, "rain_mm_h": 0.0, "rain_total_mm": 0.0, "humidity_rh": 50.74, "temp_c": 29.37, "pressure_pa": 84169.0, "battery_v": 4.4, "light_v": 2.31, "millis": 27149}
Publicado: {"winddir_deg": 315, "winddir_adc": 958, "wind_clicks": 0, "wind_kph": 0.0, "sample_ms": 1004, "rain_tips": 0, "rain_mm_h": 0.0, "rain_total_mm": 0.0, "humidity_rh": 50.76, "temp_c": 29.37, "pressure_pa": 84167.25, "battery_v": 4.41, "light_v": 2.36, "millis": 28152}
Publicado: {"winddir_deg": 315, "winddir_adc": 956, "wind_clicks": 0, "wind_kph": 0.0, "sample_ms": 1004, "rain_tips": 0, "rain_mm_h": 0.0, "rain_total_mm": 0.0, "humidity_rh": 50.73, "temp_c": 29.37, "pressure_pa": 84166.5, "battery_v": 4.4, "light_v": 2.4, "millis": 29157}
Publicado: {"winddir_deg": 315, "winddir_adc": 956, "wind_clicks": 0, "wind_kph": 0.0, "sample_ms": 1004, "rain_tips": 0, "rain_mm_h": 0.0, "rain_total_mm": 0.0, "humidity_rh": 50.71, "temp_c": 29.37, "pressure_pa": 84167.75, "battery_v": 4.39, "light_v": 2.42, "millis": 30161}